<?xml version="1.0" encoding="UTF-8"?>
<!-- Generated by org.testng.reporters.JUnitReportReporter -->
<testsuite skipped="0" hostname="DESKTOP-FK8VD7I" name="testNGLearning.Dummy" tests="1" failures="0" timestamp="02 Aug 2023 11:35:30 GMT" time="0.025" errors="0">
  <testcase name="startABike" time="0.025" classname="testNGLearning.Dummy"/>
</testsuite> <!-- testNGLearning.Dummy -->
