<?xml version="1.0" encoding="UTF-8"?>
<!-- Generated by org.testng.reporters.JUnitReportReporter -->
<testsuite skipped="0" hostname="DESKTOP-FK8VD7I" name="testNGLearning.ParallelTestingExample" tests="2" failures="0" timestamp="02 Aug 2023 10:07:50 GMT" time="18.573" errors="0">
  <testcase name="openGoogle" time="9.926" classname="testNGLearning.ParallelTestingExample"/>
  <testcase name="openBing" time="8.647" classname="testNGLearning.ParallelTestingExample"/>
</testsuite> <!-- testNGLearning.ParallelTestingExample -->
