<?xml version="1.0" encoding="UTF-8"?>
<!-- Generated by org.testng.reporters.JUnitReportReporter -->
<testsuite skipped="0" hostname="DESKTOP-FK8VD7I" name="interviewQuestionsSelenium.TimeOutTestNG" tests="1" failures="0" timestamp="18 Aug 2023 09:23:36 GMT" time="2.026" errors="0">
  <testcase name="test" time="2.026" classname="interviewQuestionsSelenium.TimeOutTestNG"/>
</testsuite> <!-- interviewQuestionsSelenium.TimeOutTestNG -->
