<?xml version="1.0" encoding="UTF-8"?>
<!-- Generated by org.testng.reporters.JUnitReportReporter -->
<testsuite skipped="0" hostname="DESKTOP-FK8VD7I" name="testNGLearning.SampleTestCase" tests="4" failures="0" timestamp="01 Aug 2023 09:33:04 GMT" time="0.014" errors="0">
  <testcase name="fourthTestCase" time="0.003" classname="testNGLearning.SampleTestCase"/>
  <testcase name="secondTestCase" time="0.003" classname="testNGLearning.SampleTestCase"/>
  <testcase name="thirdTestCase" time="0.004" classname="testNGLearning.SampleTestCase"/>
  <testcase name="firstTestCase" time="0.004" classname="testNGLearning.SampleTestCase"/>
</testsuite> <!-- testNGLearning.SampleTestCase -->
