<?xml version="1.0" encoding="UTF-8"?>
<!-- Generated by org.testng.reporters.JUnitReportReporter -->
<testsuite skipped="0" hostname="DESKTOP-FK8VD7I" name="testNGLearning.GroupingExample" tests="4" failures="0" timestamp="01 Aug 2023 10:11:26 GMT" time="0.038" errors="0">
  <testcase name="Realme1" time="0.027" classname="testNGLearning.GroupingExample"/>
  <testcase name="Samsung2" time="0.004" classname="testNGLearning.GroupingExample"/>
  <testcase name="Realme2" time="0.003" classname="testNGLearning.GroupingExample"/>
  <testcase name="Samsung1" time="0.004" classname="testNGLearning.GroupingExample"/>
</testsuite> <!-- testNGLearning.GroupingExample -->
