<?xml version="1.0" encoding="UTF-8"?>
<!-- Generated by org.testng.reporters.JUnitReportReporter -->
<testsuite skipped="0" hostname="DESKTOP-FK8VD7I" name="testNGLearning.ManagementDependenciesExample" tests="3" failures="0" timestamp="01 Aug 2023 09:33:04 GMT" time="0.036" errors="0">
  <testcase name="engineering" time="0.004" classname="testNGLearning.ManagementDependenciesExample"/>
  <testcase name="higherSecondary" time="0.002" classname="testNGLearning.ManagementDependenciesExample"/>
  <testcase name="highSchool" time="0.030" classname="testNGLearning.ManagementDependenciesExample"/>
</testsuite> <!-- testNGLearning.ManagementDependenciesExample -->
