<?xml version="1.0" encoding="UTF-8"?>
<!-- Generated by org.testng.reporters.JUnitReportReporter -->
<testsuite skipped="1" hostname="DESKTOP-FK8VD7I" name="testNGLearning.SkipTestCaseExample" tests="2" failures="0" timestamp="01 Aug 2023 09:33:04 GMT" time="0.006" errors="0">
  <testcase name="startACar" time="0.006" classname="testNGLearning.SkipTestCaseExample"/>
  <testcase name="startMusic" classname="testNGLearning.SkipTestCaseExample">
    <skipped/>
  </testcase> <!-- startMusic -->
</testsuite> <!-- testNGLearning.SkipTestCaseExample -->
