<?xml version="1.0" encoding="UTF-8"?>
<!-- Generated by org.testng.reporters.JUnitReportReporter -->
<testsuite skipped="0" hostname="DESKTOP-FK8VD7I" name="testNGLearning.ParameterizationExample" tests="1" failures="0" timestamp="01 Aug 2023 12:16:39 GMT" time="0.019" errors="0">
  <testcase name="printName" time="0.019" classname="testNGLearning.ParameterizationExample"/>
</testsuite> <!-- testNGLearning.ParameterizationExample -->
