<?xml version="1.0" encoding="UTF-8"?>
<!-- Generated by org.testng.reporters.JUnitReportReporter -->
<testsuite skipped="0" hostname="DESKTOP-FK8VD7I" name="testNGLearning.PriorityExamples" tests="1" failures="0" timestamp="01 Aug 2023 09:33:04 GMT" time="0.003" errors="0">
  <testcase name="startABike" time="0.003" classname="testNGLearning.PriorityExamples"/>
</testsuite> <!-- testNGLearning.PriorityExamples -->
