<?xml version="1.0" encoding="UTF-8"?>
<!-- Generated by org.testng.reporters.JUnitReportReporter -->
<testsuite skipped="0" hostname="DESKTOP-FK8VD7I" name="testNGLearning.SuiteExample" tests="3" failures="0" timestamp="31 Jul 2023 13:11:33 GMT" time="4.159" errors="0">
  <testcase name="openBing" time="1.127" classname="testNGLearning.SuiteExample"/>
  <testcase name="openGoogle" time="1.239" classname="testNGLearning.SuiteExample"/>
  <testcase name="openDuckDuckGo" time="1.793" classname="testNGLearning.SuiteExample"/>
</testsuite> <!-- testNGLearning.SuiteExample -->
