<?xml version="1.0" encoding="UTF-8"?>
<!-- Generated by org.testng.reporters.JUnitReportReporter -->
<testsuite skipped="0" hostname="DESKTOP-FK8VD7I" name="testNGLearning.HierarchyAnnotationsExample" tests="2" failures="0" timestamp="18 Aug 2023 09:07:51 GMT" time="0.013" errors="0">
  <testcase name="test1" time="0.010" classname="testNGLearning.HierarchyAnnotationsExample"/>
  <testcase name="test2" time="0.003" classname="testNGLearning.HierarchyAnnotationsExample"/>
</testsuite> <!-- testNGLearning.HierarchyAnnotationsExample -->
