<?xml version="1.0" encoding="UTF-8"?>
<!-- Generated by org.testng.reporters.JUnitReportReporter -->
<testsuite skipped="0" hostname="DESKTOP-FK8VD7I" name="interviewQuestionsSelenium.InvocationCountTestNG" tests="3" failures="0" timestamp="18 Aug 2023 09:11:24 GMT" time="0.019" errors="0">
  <testcase name="PrintThreeTime" time="0.016" classname="interviewQuestionsSelenium.InvocationCountTestNG"/>
  <testcase name="PrintThreeTime" time="0.002" classname="interviewQuestionsSelenium.InvocationCountTestNG"/>
  <testcase name="PrintThreeTime" time="0.001" classname="interviewQuestionsSelenium.InvocationCountTestNG"/>
</testsuite> <!-- interviewQuestionsSelenium.InvocationCountTestNG -->
