<?xml version="1.0" encoding="UTF-8"?>
<!-- Generated by org.testng.reporters.JUnitReportReporter -->
<testsuite skipped="0" hostname="DESKTOP-FK8VD7I" name="interviewQuestionsSelenium.AssertVsVerify" tests="1" failures="0" timestamp="17 Aug 2023 14:29:39 GMT" time="0.039" errors="0">
  <testcase name="testVerify" time="0.039" classname="interviewQuestionsSelenium.AssertVsVerify"/>
</testsuite> <!-- interviewQuestionsSelenium.AssertVsVerify -->
