<?xml version="1.0" encoding="UTF-8"?>
<!-- Generated by org.testng.reporters.JUnitReportReporter -->
<testsuite skipped="0" hostname="DESKTOP-FK8VD7I" name="testNGLearning.DataProviderLogin" tests="4" failures="0" timestamp="04 Aug 2023 13:40:44 GMT" time="81.679" errors="0">
  <testcase name="login" time="19.568" classname="testNGLearning.DataProviderLogin"/>
  <testcase name="login" time="20.873" classname="testNGLearning.DataProviderLogin"/>
  <testcase name="login" time="20.784" classname="testNGLearning.DataProviderLogin"/>
  <testcase name="login" time="20.454" classname="testNGLearning.DataProviderLogin"/>
</testsuite> <!-- testNGLearning.DataProviderLogin -->
